{"C:\\Users\\Mauricio\\Desktop\\workspace\\bootcamp-regex\\src\\views\\Testes.vue": {"path":"C:\\Users\\Mauricio\\Desktop\\workspace\\bootcamp-regex\\src\\views\\Testes.vue","statementMap":{"0":{"start":{"line":8,"column":0},"end":{"line":8,"column":null}},"1":{"start":{"line":15,"column":0},"end":{"line":15,"column":null}}},"fnMap":{"0":{"name":"(anonymous_1)","decl":{"start":{"line":14,"column":0},"end":{"line":14,"column":null}},"loc":{"start":{"line":14,"column":0},"end":{"line":18,"column":null}}}},"branchMap":{},"s":{"0":1,"1":1},"f":{"0":1},"b":{}}
}
